<?xml version="1.0" encoding="UTF-8"?>
<!-- Generated by org.testng.reporters.JUnitReportReporter -->
<testsuite hostname="DESKTOP-V5UJJLP" failures="0" tests="2" name="cross_browser.verifytitle" time="19.848" errors="0" timestamp="2022-07-01T21:33:58 BDT" skipped="0">
  <testcase classname="cross_browser.verifytitle" name="verifypagetitle" time="8.570"/>
  <system-out/>
  <testcase classname="cross_browser.verifytitle" name="verifypagetitle" time="11.278"/>
  <system-out/>
</testsuite> <!-- cross_browser.verifytitle -->
