<?xml version="1.0" encoding="UTF-8"?>
<!-- Generated by org.testng.reporters.JUnitReportReporter -->
<testsuite hostname="DESKTOP-V5UJJLP" failures="0" tests="2" name="testNG_practice.LoginTest" time="0.005" errors="0" timestamp="2022-03-03T19:38:17 BDT" skipped="0">
  <testcase classname="testNG_practice.LoginTest" name="aTest1" time="0.002"/>
  <system-out/>
  <testcase classname="testNG_practice.LoginTest" name="atest2" time="0.003"/>
  <system-out/>
</testsuite> <!-- testNG_practice.LoginTest -->
