<?xml version="1.0" encoding="UTF-8"?>
<!-- Generated by org.testng.reporters.JUnitReportReporter -->
<testsuite hostname="DESKTOP-V5UJJLP" failures="0" tests="4" name="Excel_DataDrivenTest.DataDrivenTest" time="120.037" errors="0" timestamp="2022-06-24T00:04:03 BDT" skipped="0">
  <testcase classname="Excel_DataDrivenTest.DataDrivenTest" name="loginTest" time="15.919"/>
  <system-out/>
  <testcase classname="Excel_DataDrivenTest.DataDrivenTest" name="loginTest" time="32.349"/>
  <system-out/>
  <testcase classname="Excel_DataDrivenTest.DataDrivenTest" name="loginTest" time="34.705"/>
  <system-out/>
  <testcase classname="Excel_DataDrivenTest.DataDrivenTest" name="loginTest" time="37.064"/>
  <system-out/>
</testsuite> <!-- Excel_DataDrivenTest.DataDrivenTest -->
