<?xml version="1.0" encoding="UTF-8"?>
<!-- Generated by org.testng.reporters.JUnitReportReporter -->
<testsuite hostname="DESKTOP-V5UJJLP" failures="0" tests="1" name="testNG_practice.VerifyTitleAndTextTest" time="4.246" errors="0" timestamp="2022-03-03T19:38:17 BDT" skipped="0">
  <testcase classname="testNG_practice.VerifyTitleAndTextTest" name="titleTest" time="4.246"/>
  <system-out/>
</testsuite> <!-- testNG_practice.VerifyTitleAndTextTest -->
