<?xml version="1.0" encoding="UTF-8"?>
<!-- Generated by org.testng.reporters.JUnitReportReporter -->
<testsuite hostname="DESKTOP-V5UJJLP" failures="0" tests="1" name="testNG_practice.LoginTest1" time="37.656" errors="0" timestamp="2022-07-07T20:22:23 BDT" skipped="0">
  <testcase classname="testNG_practice.LoginTest1" name="launchApplication" time="37.656"/>
  <system-out/>
</testsuite> <!-- testNG_practice.LoginTest1 -->
