<?xml version="1.0" encoding="UTF-8"?>
<!-- Generated by org.testng.reporters.JUnitReportReporter -->
<testsuite hostname="DESKTOP-V5UJJLP" failures="0" tests="1" name="RestAssuredAutomation.TestExamples" time="2.958" errors="0" timestamp="2022-06-18T09:50:27 BDT" skipped="0">
  <testcase classname="RestAssuredAutomation.TestExamples" name="test_1" time="2.958"/>
  <system-out/>
</testsuite> <!-- RestAssuredAutomation.TestExamples -->
