<?xml version="1.0" encoding="UTF-8"?>
<!-- Generated by org.testng.reporters.JUnitReportReporter -->
<testsuite hostname="DESKTOP-V5UJJLP" failures="0" tests="4" name="testNG_practice.DataProviderDemoTest2" time="62.787" errors="0" timestamp="2022-06-13T15:32:49 BDT" skipped="0">
  <testcase classname="testNG_practice.DataProviderDemoTest2" name="test1" time="14.534"/>
  <system-out/>
  <testcase classname="testNG_practice.DataProviderDemoTest2" name="test1" time="13.864"/>
  <system-out/>
  <testcase classname="testNG_practice.DataProviderDemoTest2" name="test1" time="15.296"/>
  <system-out/>
  <testcase classname="testNG_practice.DataProviderDemoTest2" name="test1" time="19.093"/>
  <system-out/>
</testsuite> <!-- testNG_practice.DataProviderDemoTest2 -->
