<?xml version="1.0" encoding="UTF-8"?>
<!-- Generated by org.testng.reporters.JUnitReportReporter -->
<testsuite hostname="DESKTOP-V5UJJLP" failures="0" tests="3" name="testNG_practice.SkipDemoTest" time="0.012" errors="0" timestamp="2021-12-28T20:11:17 BDT" skipped="3">
  <testcase classname="testNG_practice.SkipDemoTest" name="skipTest2" time="0.008">
    <skipped/>
  </testcase> <!-- skipTest2 -->
  <system-out/>
  <testcase classname="testNG_practice.SkipDemoTest" name="skipTest3" time="0.004">
    <skipped/>
  </testcase> <!-- skipTest3 -->
  <system-out/>
  <testcase classname="testNG_practice.SkipDemoTest" name="skipTest1">
    <skipped/>
  </testcase> <!-- skipTest1 -->
  <system-out/>
</testsuite> <!-- testNG_practice.SkipDemoTest -->
