<?xml version="1.0" encoding="UTF-8"?>
<!-- Generated by org.testng.reporters.JUnitReportReporter -->
<testsuite hostname="DESKTOP-V5UJJLP" failures="0" tests="1" name="taskLists.TestSearchSecondPage" time="0.001" errors="0" timestamp="2022-02-26T16:48:06 BDT" skipped="0">
  <testcase classname="taskLists.TestSearchSecondPage" name="testSearchBoxSecondPageExists" time="0.001"/>
  <system-out/>
</testsuite> <!-- taskLists.TestSearchSecondPage -->
