<?xml version="1.0" encoding="UTF-8"?>
<!-- Generated by org.testng.reporters.JUnitReportReporter -->
<testsuite hostname="DESKTOP-V5UJJLP" failures="0" tests="2" name="cross_browser.base" time="20.630" errors="0" timestamp="2022-07-01T21:54:57 BDT" skipped="0">
  <testcase classname="cross_browser.base" name="verifypagetitle" time="8.230"/>
  <system-out/>
  <testcase classname="cross_browser.base" name="verifypagetitle" time="12.400"/>
  <system-out/>
</testsuite> <!-- cross_browser.base -->
