<?xml version="1.0" encoding="UTF-8"?>
<!-- Generated by org.testng.reporters.JUnitReportReporter -->
<testsuite hostname="DESKTOP-V5UJJLP" failures="0" tests="1" name="testNG_practice.LoginTest1" time="24.609" errors="0" timestamp="2021-12-29T22:00:02 BDT" skipped="0">
  <testcase classname="testNG_practice.LoginTest1" name="launchApplication" time="24.609"/>
  <system-out/>
</testsuite> <!-- testNG_practice.LoginTest1 -->
