<?xml version="1.0" encoding="UTF-8"?>
<!-- Generated by org.testng.reporters.JUnitReportReporter -->
<testsuite hostname="DESKTOP-V5UJJLP" failures="0" tests="1" name="Excel_DataDrivenTest.ReadingDataFromExcel2" time="0.799" errors="0" timestamp="2022-06-19T14:26:58 BDT" skipped="0">
  <testcase classname="Excel_DataDrivenTest.ReadingDataFromExcel2" name="test_read_data" time="0.799"/>
  <system-out/>
</testsuite> <!-- Excel_DataDrivenTest.ReadingDataFromExcel2 -->
