<?xml version="1.0" encoding="UTF-8"?>
<!-- Generated by org.testng.reporters.JUnitReportReporter -->
<testsuite hostname="DESKTOP-V5UJJLP" failures="0" tests="5" name="taskLists.Home_page_test" time="251.672" errors="0" timestamp="2022-06-13T16:32:01 BDT" skipped="0">
  <testcase classname="taskLists.Home_page_test" name="testSearchBoxExists" time="15.466"/>
  <system-out/>
  <testcase classname="taskLists.Home_page_test" name="testCartOptionExists" time="35.863"/>
  <system-out/>
  <testcase classname="taskLists.Home_page_test" name="testTotalCategoryTypes" time="6.917"/>
  <system-out/>
  <testcase classname="taskLists.Home_page_test" name="testCategoryNames" time="178.475"/>
  <system-out/>
  <testcase classname="taskLists.Home_page_test" name="PaymentMethods" time="14.951"/>
  <system-out/>
</testsuite> <!-- taskLists.Home_page_test -->
