<?xml version="1.0" encoding="UTF-8"?>
<!-- Generated by org.testng.reporters.JUnitReportReporter -->
<testsuite hostname="DESKTOP-V5UJJLP" failures="0" tests="4" name="testNG_practice.ReportsTest" time="0.016" errors="0" timestamp="2021-12-30T12:07:43 BDT" skipped="0">
  <testcase classname="testNG_practice.ReportsTest" name="reportertest1" time="0.011"/>
  <system-out/>
  <testcase classname="testNG_practice.ReportsTest" name="reportertest2" time="0.003"/>
  <system-out>
    <![CDATA[This istest2]]>
  </system-out>
  <testcase classname="testNG_practice.ReportsTest" name="reportertest3" time="0.001"/>
  <system-out/>
  <testcase classname="testNG_practice.ReportsTest" name="reportertest4" time="0.001"/>
  <system-out/>
</testsuite> <!-- testNG_practice.ReportsTest -->
