<?xml version="1.0" encoding="UTF-8"?>
<!-- Generated by org.testng.reporters.JUnitReportReporter -->
<testsuite hostname="DESKTOP-V5UJJLP" failures="0" tests="1" name="chaldal_test.test_case" time="40.191" errors="0" timestamp="2022-07-01T20:31:56 BDT" skipped="0">
  <testcase classname="chaldal_test.test_case" name="test_product_pharmacy_total" time="40.191"/>
  <system-out/>
</testsuite> <!-- chaldal_test.test_case -->
