<?xml version="1.0" encoding="UTF-8"?>
<!-- Generated by org.testng.reporters.JUnitReportReporter -->
<testsuite hostname="DESKTOP-V5UJJLP" failures="0" tests="4" name="Excel_DataDrivenTest.DataDrivenTest" time="72.407" errors="0" timestamp="2022-06-19T16:29:58 BDT" skipped="0">
  <testcase classname="Excel_DataDrivenTest.DataDrivenTest" name="loginTest" time="15.452"/>
  <system-out/>
  <testcase classname="Excel_DataDrivenTest.DataDrivenTest" name="loginTest" time="15.341"/>
  <system-out/>
  <testcase classname="Excel_DataDrivenTest.DataDrivenTest" name="loginTest" time="15.583"/>
  <system-out/>
  <testcase classname="Excel_DataDrivenTest.DataDrivenTest" name="loginTest" time="26.031"/>
  <system-out/>
</testsuite> <!-- Excel_DataDrivenTest.DataDrivenTest -->
