<?xml version="1.0" encoding="UTF-8"?>
<!-- Generated by org.testng.reporters.JUnitReportReporter -->
<testsuite hostname="DESKTOP-V5UJJLP" failures="0" tests="2" name="testNG_practice.LoginTest" time="0.071" errors="0" timestamp="2022-07-07T20:15:35 BDT" skipped="0">
  <testcase classname="testNG_practice.LoginTest" name="aTest1" time="0.064"/>
  <system-out/>
  <testcase classname="testNG_practice.LoginTest" name="atest2" time="0.007"/>
  <system-out/>
</testsuite> <!-- testNG_practice.LoginTest -->
