<?xml version="1.0" encoding="UTF-8"?>
<!-- Generated by org.testng.reporters.JUnitReportReporter -->
<testsuite hostname="DESKTOP-V5UJJLP" failures="0" tests="3" name="taskLists.TestLandingPage" time="25.952" errors="0" timestamp="2022-06-13T16:37:55 BDT" skipped="0">
  <testcase classname="taskLists.TestLandingPage" name="testSearchBoxExists" time="11.137"/>
  <system-out/>
  <testcase classname="taskLists.TestLandingPage" name="testAddToCartOptionExists" time="5.208"/>
  <system-out/>
  <testcase classname="taskLists.TestLandingPage" name="testAddToCartOptionActive" time="9.607"/>
  <system-out/>
</testsuite> <!-- taskLists.TestLandingPage -->
