<?xml version="1.0" encoding="UTF-8"?>
<!-- Generated by org.testng.reporters.JUnitReportReporter -->
<testsuite hostname="DESKTOP-V5UJJLP" failures="0" tests="1" name="flipkart.FlipKartAutomation" time="18.030" errors="0" timestamp="2022-02-13T19:30:44 BDT" skipped="0">
  <testcase classname="flipkart.FlipKartAutomation" name="testSearch" time="18.030"/>
  <system-out/>
</testsuite> <!-- flipkart.FlipKartAutomation -->
