<?xml version="1.0" encoding="UTF-8"?>
<!-- Generated by org.testng.reporters.JUnitReportReporter -->
<testsuite hostname="DESKTOP-V5UJJLP" failures="0" tests="4" name="Excel_DataDrivenTest.DataDrivenTest" time="79.904" errors="0" timestamp="2022-07-12T21:29:54 BDT" skipped="0">
  <testcase classname="Excel_DataDrivenTest.DataDrivenTest" name="loginTest" time="19.107"/>
  <system-out/>
  <testcase classname="Excel_DataDrivenTest.DataDrivenTest" name="loginTest" time="16.501"/>
  <system-out/>
  <testcase classname="Excel_DataDrivenTest.DataDrivenTest" name="loginTest" time="17.860"/>
  <system-out/>
  <testcase classname="Excel_DataDrivenTest.DataDrivenTest" name="loginTest" time="26.436"/>
  <system-out/>
</testsuite> <!-- Excel_DataDrivenTest.DataDrivenTest -->
