<?xml version="1.0" encoding="UTF-8"?>
<!-- Generated by org.testng.reporters.JUnitReportReporter -->
<testsuite hostname="DESKTOP-V5UJJLP" failures="0" tests="4" name="testNG_practice.GroupsDemoTest" time="0.013" errors="0" timestamp="2022-03-03T19:38:17 BDT" skipped="0">
  <testcase classname="testNG_practice.GroupsDemoTest" name="Test3" time="0.007"/>
  <system-out/>
  <testcase classname="testNG_practice.GroupsDemoTest" name="Test4" time="0.002"/>
  <system-out/>
  <testcase classname="testNG_practice.GroupsDemoTest" name="Test1" time="0.002"/>
  <system-out/>
  <testcase classname="testNG_practice.GroupsDemoTest" name="Test2" time="0.002"/>
  <system-out/>
</testsuite> <!-- testNG_practice.GroupsDemoTest -->
