<?xml version="1.0" encoding="UTF-8"?>
<!-- Generated by org.testng.reporters.JUnitReportReporter -->
<testsuite hostname="DESKTOP-V5UJJLP" failures="0" tests="2" name="cross_browser.Products" time="43.346" errors="0" timestamp="2022-07-07T20:09:58 BDT" skipped="0">
  <testcase classname="cross_browser.Products" name="product_items" time="17.688"/>
  <system-out/>
  <testcase classname="cross_browser.Products" name="product_items" time="25.658"/>
  <system-out/>
</testsuite> <!-- cross_browser.Products -->
