<?xml version="1.0" encoding="UTF-8"?>
<!-- Generated by org.testng.reporters.JUnitReportReporter -->
<testsuite hostname="DESKTOP-V5UJJLP" failures="0" tests="2" name="cross_browser.Products" time="31.388" errors="0" timestamp="2022-07-01T22:06:27 BDT" skipped="0">
  <testcase classname="cross_browser.Products" name="product_items" time="12.924"/>
  <system-out/>
  <testcase classname="cross_browser.Products" name="product_items" time="18.464"/>
  <system-out/>
</testsuite> <!-- cross_browser.Products -->
