<?xml version="1.0" encoding="UTF-8"?>
<!-- Generated by org.testng.reporters.JUnitReportReporter -->
<testsuite hostname="DESKTOP-V5UJJLP" failures="0" tests="7" name="testNG_practice.DataProviderDemoTest" time="0.021" errors="0" timestamp="2021-12-29T12:59:28 BDT" skipped="0">
  <testcase classname="testNG_practice.DataProviderDemoTest" name="test1" time="0.002"/>
  <system-out/>
  <testcase classname="testNG_practice.DataProviderDemoTest" name="test1" time="0.001"/>
  <system-out/>
  <testcase classname="testNG_practice.DataProviderDemoTest" name="test1" time="0.001"/>
  <system-out/>
  <testcase classname="testNG_practice.DataProviderDemoTest" name="test1" time="0.002"/>
  <system-out/>
  <testcase classname="testNG_practice.DataProviderDemoTest" name="test1" time="0.001"/>
  <system-out/>
  <testcase classname="testNG_practice.DataProviderDemoTest" name="test1" time="0.012"/>
  <system-out/>
  <testcase classname="testNG_practice.DataProviderDemoTest" name="test1" time="0.002"/>
  <system-out/>
</testsuite> <!-- testNG_practice.DataProviderDemoTest -->
