<?xml version="1.0" encoding="UTF-8"?>
<!-- Generated by org.testng.reporters.JUnitReportReporter -->
<testsuite hostname="DESKTOP-V5UJJLP" failures="0" tests="11" name="chaldal_test.test_case" time="315.931" errors="0" timestamp="2022-06-18T00:46:39 BDT" skipped="0">
  <testcase classname="chaldal_test.test_case" name="test_logo_image" time="15.021"/>
  <system-out/>
  <testcase classname="chaldal_test.test_case" name="test_sign_in_out_using_number" time="60.244"/>
  <system-out/>
  <testcase classname="chaldal_test.test_case" name="test_help_menu" time="19.025"/>
  <system-out/>
  <testcase classname="chaldal_test.test_case" name="test_popular_product_count_shows_products" time="42.593"/>
  <system-out/>
  <testcase classname="chaldal_test.test_case" name="test_change_language" time="20.560"/>
  <system-out/>
  <testcase classname="chaldal_test.test_case" name="test_Terms_of_Service" time="28.135"/>
  <system-out/>
  <testcase classname="chaldal_test.test_case" name="test_Privacy_Policy" time="29.226"/>
  <system-out/>
  <testcase classname="chaldal_test.test_case" name="test_product_details_add_to_cart_without_login" time="38.075"/>
  <system-out/>
  <testcase classname="chaldal_test.test_case" name="test_current_location_live_chat" time="32.493"/>
  <system-out/>
  <testcase classname="chaldal_test.test_case" name="test_product_categories_total" time="13.281"/>
  <system-out/>
  <testcase classname="chaldal_test.test_case" name="test_product_pharmacy_total" time="17.278"/>
  <system-out/>
</testsuite> <!-- chaldal_test.test_case -->
